<?xml version="1.0" encoding="UTF-8"?>
<testng-results skipped="0" failed="0" ignored="0" total="1" passed="1">
  <reporter-output>
  </reporter-output>
  <suite name="Suite" duration-ms="17937" started-at="2021-04-07T00:17:06 IST" finished-at="2021-04-07T00:17:24 IST">
    <groups>
    </groups>
    <test name="Test" duration-ms="17937" started-at="2021-04-07T00:17:06 IST" finished-at="2021-04-07T00:17:24 IST">
      <class name="ecs_digital_framework.ecs_digital_framework.ESC_TableTest">
        <test-method status="PASS" signature="TableTest()[pri:0, instance:ecs_digital_framework.ecs_digital_framework.ESC_TableTest@3327bd23]" name="TableTest" duration-ms="17893" started-at="2021-04-07T00:17:06 IST" finished-at="2021-04-07T00:17:24 IST">
          <reporter-output>
          </reporter-output>
        </test-method> <!-- TableTest -->
      </class> <!-- ecs_digital_framework.ecs_digital_framework.ESC_TableTest -->
    </test> <!-- Test -->
  </suite> <!-- Suite -->
</testng-results>
