<?xml version="1.0" encoding="UTF-8"?>
<testng-results skipped="0" failed="0" ignored="0" total="1" passed="1">
  <reporter-output>
  </reporter-output>
  <suite name="Default suite" duration-ms="17989" started-at="2021-04-07T00:15:33 IST" finished-at="2021-04-07T00:15:51 IST">
    <groups>
    </groups>
    <test name="Default test" duration-ms="17989" started-at="2021-04-07T00:15:33 IST" finished-at="2021-04-07T00:15:51 IST">
      <class name="ecs_digital_framework.ecs_digital_framework.ESC_TableTest">
        <test-method status="PASS" signature="TableTest()[pri:0, instance:ecs_digital_framework.ecs_digital_framework.ESC_TableTest@3712b94]" name="TableTest" duration-ms="17937" started-at="2021-04-07T00:15:33 IST" finished-at="2021-04-07T00:15:51 IST">
          <reporter-output>
          </reporter-output>
        </test-method> <!-- TableTest -->
      </class> <!-- ecs_digital_framework.ecs_digital_framework.ESC_TableTest -->
    </test> <!-- Default test -->
  </suite> <!-- Default suite -->
</testng-results>
